  EnviroEngine.cpp
C:\Users\Hamza\Desktop\GitHub\Enviro\EnviroFSM\EnviroFSM\Shader.h(59,40): warning C4101: 'e': unreferenced local variable
C:\Users\Hamza\Desktop\GitHub\Enviro\EnviroFSM\EnviroFSM\Mesh.h(60,1): warning C4267: 'argument': conversion from 'size_t' to 'GLsizei', possible loss of data
C:\Users\Hamza\Desktop\GitHub\Enviro\EnviroFSM\EnviroFSM\TheSun.h(11,20): warning C4305: 'initializing': truncation from 'double' to 'float'
C:\Users\Hamza\Desktop\GitHub\Enviro\EnviroFSM\EnviroFSM\TheSun.h(16,25): warning C4305: 'initializing': truncation from 'double' to 'float'
C:\Users\Hamza\Desktop\GitHub\Enviro\EnviroFSM\EnviroFSM\TheSun.h(17,24): warning C4305: 'initializing': truncation from 'double' to 'float'
C:\Users\Hamza\Desktop\GitHub\Enviro\EnviroFSM\EnviroFSM\TheSun.h(18,26): warning C4305: 'initializing': truncation from 'double' to 'float'
C:\Users\Hamza\Desktop\GitHub\Enviro\EnviroFSM\EnviroFSM\TheCloud.h(34,20): warning C4305: 'initializing': truncation from 'double' to 'float'
C:\Users\Hamza\Desktop\GitHub\Enviro\EnviroFSM\EnviroFSM\TheCloud.h(41,25): warning C4305: 'initializing': truncation from 'double' to 'float'
C:\Users\Hamza\Desktop\GitHub\Enviro\EnviroFSM\EnviroFSM\TheCloud.h(42,24): warning C4305: 'initializing': truncation from 'double' to 'float'
C:\Users\Hamza\Desktop\GitHub\Enviro\EnviroFSM\EnviroFSM\TheCloud.h(43,26): warning C4305: 'initializing': truncation from 'double' to 'float'
C:\Users\Hamza\Desktop\GitHub\Enviro\EnviroFSM\EnviroFSM\EnviroEngine.cpp(123,20): warning C4244: 'argument': conversion from 'double' to 'unsigned int', possible loss of data
C:\Users\Hamza\Desktop\GitHub\Enviro\EnviroFSM\EnviroFSM\EnviroEngine.cpp(195,129): warning C4244: 'argument': conversion from '_Rep' to 'unsigned int', possible loss of data
          with
          [
              _Rep=__int64
          ]
C:\Users\Hamza\Desktop\GitHub\Enviro\EnviroFSM\EnviroFSM\EnviroEngine.cpp(197,12): warning C4244: 'return': conversion from 'double' to 'float', possible loss of data
C:\Users\Hamza\Desktop\GitHub\Enviro\EnviroFSM\EnviroFSM\EnviroEngine.cpp(202,129): warning C4244: 'argument': conversion from '_Rep' to 'unsigned int', possible loss of data
          with
          [
              _Rep=__int64
          ]
  EnviroFSM.vcxproj -> C:\Users\Hamza\Desktop\GitHub\Enviro\EnviroFSM\x64\Debug\EnviroFSM.exe
