c:\users\hamza\desktop\github\enviro\envirofsm\envirofsm\x64\debug\vc142.pdb
c:\users\hamza\desktop\github\enviro\envirofsm\envirofsm\x64\debug\vc142.idb
c:\users\hamza\desktop\github\enviro\envirofsm\envirofsm\x64\debug\glad.obj
c:\users\hamza\desktop\github\enviro\envirofsm\envirofsm\x64\debug\main.obj
c:\users\hamza\desktop\github\enviro\envirofsm\envirofsm\x64\debug\enviroengine.obj
c:\users\hamza\desktop\github\enviro\envirofsm\envirofsm\x64\debug\thesun.obj
c:\users\hamza\desktop\github\enviro\envirofsm\envirofsm\x64\debug\thecloud.obj
c:\users\hamza\desktop\github\enviro\envirofsm\envirofsm\x64\debug\plantobject.obj
c:\users\hamza\desktop\github\enviro\envirofsm\envirofsm\x64\debug\plantfsm.obj
c:\users\hamza\desktop\github\enviro\envirofsm\x64\debug\envirofsm.pdb
c:\users\hamza\desktop\github\enviro\envirofsm\envirofsm\x64\debug\envirofsm.tlog\cl.command.1.tlog
c:\users\hamza\desktop\github\enviro\envirofsm\envirofsm\x64\debug\envirofsm.tlog\cl.read.1.tlog
c:\users\hamza\desktop\github\enviro\envirofsm\envirofsm\x64\debug\envirofsm.tlog\cl.write.1.tlog
c:\users\hamza\desktop\github\enviro\envirofsm\envirofsm\x64\debug\envirofsm.tlog\link.16628-cvtres.read.1.tlog
c:\users\hamza\desktop\github\enviro\envirofsm\envirofsm\x64\debug\envirofsm.tlog\link.16628-cvtres.write.1.tlog
c:\users\hamza\desktop\github\enviro\envirofsm\envirofsm\x64\debug\envirofsm.tlog\link.16628-rc.read.1.tlog
c:\users\hamza\desktop\github\enviro\envirofsm\envirofsm\x64\debug\envirofsm.tlog\link.16628-rc.write.1.tlog
c:\users\hamza\desktop\github\enviro\envirofsm\envirofsm\x64\debug\envirofsm.tlog\link.16628.read.1.tlog
c:\users\hamza\desktop\github\enviro\envirofsm\envirofsm\x64\debug\envirofsm.tlog\link.16628.write.1.tlog
c:\users\hamza\desktop\github\enviro\envirofsm\envirofsm\x64\debug\envirofsm.tlog\link.command.1.tlog
c:\users\hamza\desktop\github\enviro\envirofsm\envirofsm\x64\debug\envirofsm.tlog\link.read.1.tlog
c:\users\hamza\desktop\github\enviro\envirofsm\envirofsm\x64\debug\envirofsm.tlog\link.write.1.tlog
