d:\enviro\learners\learners\x64\debug\vc142.pdb
d:\enviro\learners\learners\x64\debug\vc142.idb
d:\enviro\learners\learners\x64\debug\learners.obj
d:\enviro\learners\x64\debug\learners.pdb
d:\enviro\learners\learners\x64\debug\learners.tlog\cl.command.1.tlog
d:\enviro\learners\learners\x64\debug\learners.tlog\cl.read.1.tlog
d:\enviro\learners\learners\x64\debug\learners.tlog\cl.write.1.tlog
d:\enviro\learners\learners\x64\debug\learners.tlog\link-cvtres.read.1.tlog
d:\enviro\learners\learners\x64\debug\learners.tlog\link-cvtres.write.1.tlog
d:\enviro\learners\learners\x64\debug\learners.tlog\link-rc.read.1.tlog
d:\enviro\learners\learners\x64\debug\learners.tlog\link-rc.write.1.tlog
d:\enviro\learners\learners\x64\debug\learners.tlog\link.16496-cvtres.read.1.tlog
d:\enviro\learners\learners\x64\debug\learners.tlog\link.16496-cvtres.write.1.tlog
d:\enviro\learners\learners\x64\debug\learners.tlog\link.16496-rc.read.1.tlog
d:\enviro\learners\learners\x64\debug\learners.tlog\link.16496-rc.write.1.tlog
d:\enviro\learners\learners\x64\debug\learners.tlog\link.16496.read.1.tlog
d:\enviro\learners\learners\x64\debug\learners.tlog\link.16496.write.1.tlog
d:\enviro\learners\learners\x64\debug\learners.tlog\link.command.1.tlog
d:\enviro\learners\learners\x64\debug\learners.tlog\link.read.1.tlog
d:\enviro\learners\learners\x64\debug\learners.tlog\link.write.1.tlog
