  EnviroEngine.cpp
C:\Users\Hamza\Desktop\GitHub\Enviro\EnviroFSM\EnviroFSM\EnviroFSM\Shader.h(59,40): warning C4101: 'e': unreferenced local variable
C:\Users\Hamza\Desktop\GitHub\Enviro\EnviroFSM\EnviroFSM\EnviroFSM\Mesh.h(38,1): warning C4267: 'argument': conversion from 'size_t' to 'GLsizei', possible loss of data
C:\Users\Hamza\Desktop\GitHub\Enviro\EnviroFSM\EnviroFSM\EnviroFSM\TheSun.h(11,20): warning C4305: 'initializing': truncation from 'double' to 'float'
C:\Users\Hamza\Desktop\GitHub\Enviro\EnviroFSM\EnviroFSM\EnviroFSM\TheSun.h(16,24): warning C4305: 'initializing': truncation from 'double' to 'float'
C:\Users\Hamza\Desktop\GitHub\Enviro\EnviroFSM\EnviroFSM\EnviroFSM\EnviroEngine.cpp(95,33): warning C4267: '=': conversion from 'size_t' to 'int', possible loss of data
C:\Users\Hamza\Desktop\GitHub\Enviro\EnviroFSM\EnviroFSM\EnviroFSM\EnviroEngine.cpp(186,129): warning C4244: 'argument': conversion from '_Rep' to 'unsigned int', possible loss of data
          with
          [
              _Rep=__int64
          ]
C:\Users\Hamza\Desktop\GitHub\Enviro\EnviroFSM\EnviroFSM\EnviroFSM\EnviroEngine.cpp(188,12): warning C4244: 'return': conversion from 'double' to 'float', possible loss of data
C:\Users\Hamza\Desktop\GitHub\Enviro\EnviroFSM\EnviroFSM\EnviroFSM\EnviroEngine.cpp(193,129): warning C4244: 'argument': conversion from '_Rep' to 'unsigned int', possible loss of data
          with
          [
              _Rep=__int64
          ]
  main.cpp
C:\Users\Hamza\Desktop\GitHub\Enviro\EnviroFSM\EnviroFSM\EnviroFSM\Shader.h(59,40): warning C4101: 'e': unreferenced local variable
C:\Users\Hamza\Desktop\GitHub\Enviro\EnviroFSM\EnviroFSM\EnviroFSM\Mesh.h(38,1): warning C4267: 'argument': conversion from 'size_t' to 'GLsizei', possible loss of data
C:\Users\Hamza\Desktop\GitHub\Enviro\EnviroFSM\EnviroFSM\EnviroFSM\TheSun.h(11,20): warning C4305: 'initializing': truncation from 'double' to 'float'
C:\Users\Hamza\Desktop\GitHub\Enviro\EnviroFSM\EnviroFSM\EnviroFSM\TheSun.h(16,24): warning C4305: 'initializing': truncation from 'double' to 'float'
C:\Users\Hamza\Desktop\GitHub\Enviro\EnviroFSM\EnviroFSM\EnviroFSM\main.cpp(27,28): warning C4244: '=': conversion from 'double' to 'int', possible loss of data
C:\Users\Hamza\Desktop\GitHub\Enviro\EnviroFSM\EnviroFSM\EnviroFSM\main.cpp(33,30): warning C4244: '=': conversion from 'double' to 'int', possible loss of data
  Generating Code...
  EnviroFSM.vcxproj -> C:\Users\Hamza\Desktop\GitHub\Enviro\EnviroFSM\EnviroFSM\x64\Debug\EnviroFSM.exe
